# JRE version: Java(TM) SE Runtime Environment 18.9 (11.0.8+10) (build 11.0.8+10-LTS)
# Java VM: Java HotSpot(TM) 64-Bit Server VM 18.9 (11.0.8+10-LTS, mixed mode, tiered, compressed oops, g1 gc, windows-amd64)
Heap:
 garbage-first heap   total 131072K, used 38089K [0x0000000081c00000, 0x0000000100000000)
  region size 1024K, 9 young (9216K), 1 survivors (1024K)
 Metaspace       used 36959K, capacity 37995K, committed 38140K, reserved 1085440K
  class space    used 4811K, capacity 5265K, committed 5372K, reserved 1048576K
GC Heap History (10 events):
Event: 1.656 GC heap before
{Heap before GC invocations=0 (full 0):
 garbage-first heap   total 131072K, used 14336K [0x0000000081c00000, 0x0000000100000000)
  region size 1024K, 14 young (14336K), 0 survivors (0K)
 Metaspace       used 8923K, capacity 9221K, committed 9472K, reserved 1058816K
  class space    used 899K, capacity 1024K, committed 1024K, reserved 1048576K
}
Event: 1.665 GC heap after
{Heap after GC invocations=1 (full 0):
 garbage-first heap   total 131072K, used 1870K [0x0000000081c00000, 0x0000000100000000)
  region size 1024K, 2 young (2048K), 2 survivors (2048K)
 Metaspace       used 8923K, capacity 9221K, committed 9472K, reserved 1058816K
  class space    used 899K, capacity 1024K, committed 1024K, reserved 1048576K
}
Event: 4.048 GC heap before
{Heap before GC invocations=1 (full 0):
 garbage-first heap   total 131072K, used 88910K [0x0000000081c00000, 0x0000000100000000)
  region size 1024K, 76 young (77824K), 2 survivors (2048K)
 Metaspace       used 20346K, capacity 21005K, committed 21248K, reserved 1067008K
  class space    used 2495K, capacity 2753K, committed 2816K, reserved 1048576K
}
Event: 4.065 GC heap after
{Heap after GC invocations=2 (full 0):
 garbage-first heap   total 131072K, used 20480K [0x0000000081c00000, 0x0000000100000000)
  region size 1024K, 8 young (8192K), 8 survivors (8192K)
 Metaspace       used 20346K, capacity 21005K, committed 21248K, reserved 1067008K
  class space    used 2495K, capacity 2753K, committed 2816K, reserved 1048576K
}
Event: 4.093 GC heap before
{Heap before GC invocations=2 (full 0):
 garbage-first heap   total 131072K, used 21504K [0x0000000081c00000, 0x0000000100000000)
  region size 1024K, 10 young (10240K), 8 survivors (8192K)
 Metaspace       used 20523K, capacity 21133K, committed 21248K, reserved 1067008K
  class space    used 2510K, capacity 2753K, committed 2816K, reserved 1048576K
}
Event: 4.109 GC heap after
{Heap after GC invocations=3 (full 0):
 garbage-first heap   total 131072K, used 21571K [0x0000000081c00000, 0x0000000100000000)
  region size 1024K, 1 young (1024K), 1 survivors (1024K)
 Metaspace       used 20523K, capacity 21133K, committed 21248K, reserved 1067008K
  class space    used 2510K, capacity 2753K, committed 2816K, reserved 1048576K
}
Event: 12.504 GC heap before
{Heap before GC invocations=4 (full 0):
 garbage-first heap   total 131072K, used 66627K [0x0000000081c00000, 0x0000000100000000)
  region size 1024K, 41 young (41984K), 1 survivors (1024K)
 Metaspace       used 31069K, capacity 32092K, committed 32124K, reserved 1077248K
  class space    used 4012K, capacity 4447K, committed 4476K, reserved 1048576K
}
Event: 12.514 GC heap after
{Heap after GC invocations=5 (full 0):
 garbage-first heap   total 131072K, used 30256K [0x0000000081c00000, 0x0000000100000000)
  region size 1024K, 5 young (5120K), 5 survivors (5120K)
 Metaspace       used 31069K, capacity 32092K, committed 32124K, reserved 1077248K
  class space    used 4012K, capacity 4447K, committed 4476K, reserved 1048576K
}
Event: 13.502 GC heap before
{Heap before GC invocations=5 (full 0):
 garbage-first heap   total 131072K, used 39472K [0x0000000081c00000, 0x0000000100000000)
  region size 1024K, 15 young (15360K), 5 survivors (5120K)
 Metaspace       used 34872K, capacity 35916K, committed 35964K, reserved 1081344K
  class space    used 4507K, capacity 4952K, committed 4988K, reserved 1048576K
}
Event: 13.513 GC heap after
{Heap after GC invocations=6 (full 0):
 garbage-first heap   total 131072K, used 30921K [0x0000000081c00000, 0x0000000100000000)
  region size 1024K, 1 young (1024K), 1 survivors (1024K)
 Metaspace       used 34872K, capacity 35916K, committed 35964K, reserved 1081344K
  class space    used 4507K, capacity 4952K, committed 4988K, reserved 1048576K
}

